# JRE version: OpenJDK Runtime Environment (8.0_242-b01) (build 1.8.0_242-release-1644-b01)
# Java VM: OpenJDK 64-Bit Server VM (25.242-b01 mixed mode windows-amd64 compressed oops)
Heap:
 PSYoungGen      total 395264K, used 217531K [0x00000000d5580000, 0x00000000f3200000, 0x0000000100000000)
  eden space 358400K, 52% used [0x00000000d5580000,0x00000000e0d1e310,0x00000000eb380000)
  from space 36864K, 80% used [0x00000000eb380000,0x00000000ed050bc8,0x00000000ed780000)
  to   space 40448K, 0% used [0x00000000f0a80000,0x00000000f0a80000,0x00000000f3200000)
 ParOldGen       total 126976K, used 86028K [0x0000000080000000, 0x0000000087c00000, 0x00000000d5580000)
  object space 126976K, 67% used [0x0000000080000000,0x00000000854032d0,0x0000000087c00000)
 Metaspace       used 94420K, capacity 99390K, committed 99624K, reserved 1136640K
  class space    used 12407K, capacity 13342K, committed 13360K, reserved 1048576K
GC Heap History (10 events):
Event: 29.566 GC heap before
{Heap before GC invocations=17 (full 3):
 PSYoungGen      total 255488K, used 232448K [0x00000000d5580000, 0x00000000eb680000, 0x0000000100000000)
  eden space 232448K, 100% used [0x00000000d5580000,0x00000000e3880000,0x00000000e3880000)
  from space 23040K, 0% used [0x00000000e3880000,0x00000000e3880000,0x00000000e4f00000)
  to   space 23040K, 0% used [0x00000000ea000000,0x00000000ea000000,0x00000000eb680000)
 ParOldGen       total 84992K, used 33919K [0x0000000080000000, 0x0000000085300000, 0x00000000d5580000)
  object space 84992K, 39% used [0x0000000080000000,0x000000008211fe58,0x0000000085300000)
 Metaspace       used 65441K, capacity 68354K, committed 68520K, reserved 1107968K
  class space    used 8974K, capacity 9583K, committed 9648K, reserved 1048576K
Event: 29.659 GC heap after
Heap after GC invocations=17 (full 3):
 PSYoungGen      total 318464K, used 23033K [0x00000000d5580000, 0x00000000eb680000, 0x0000000100000000)
  eden space 295424K, 0% used [0x00000000d5580000,0x00000000d5580000,0x00000000e7600000)
  from space 23040K, 99% used [0x00000000ea000000,0x00000000eb67e618,0x00000000eb680000)
  to   space 31744K, 0% used [0x00000000e7880000,0x00000000e7880000,0x00000000e9780000)
 ParOldGen       total 84992K, used 46377K [0x0000000080000000, 0x0000000085300000, 0x00000000d5580000)
  object space 84992K, 54% used [0x0000000080000000,0x0000000082d4a500,0x0000000085300000)
 Metaspace       used 65441K, capacity 68354K, committed 68520K, reserved 1107968K
  class space    used 8974K, capacity 9583K, committed 9648K, reserved 1048576K
}
Event: 62.257 GC heap before
{Heap before GC invocations=18 (full 3):
 PSYoungGen      total 318464K, used 318457K [0x00000000d5580000, 0x00000000eb680000, 0x0000000100000000)
  eden space 295424K, 100% used [0x00000000d5580000,0x00000000e7600000,0x00000000e7600000)
  from space 23040K, 99% used [0x00000000ea000000,0x00000000eb67e618,0x00000000eb680000)
  to   space 31744K, 0% used [0x00000000e7880000,0x00000000e7880000,0x00000000e9780000)
 ParOldGen       total 84992K, used 46377K [0x0000000080000000, 0x0000000085300000, 0x00000000d5580000)
  object space 84992K, 54% used [0x0000000080000000,0x0000000082d4a500,0x0000000085300000)
 Metaspace       used 70552K, capacity 73832K, committed 74024K, reserved 1114112K
  class space    used 9382K, capacity 10020K, committed 10032K, reserved 1048576K
Event: 62.333 GC heap after
Heap after GC invocations=18 (full 3):
 PSYoungGen      total 329728K, used 16006K [0x00000000d5580000, 0x00000000ef600000, 0x0000000100000000)
  eden space 297984K, 0% used [0x00000000d5580000,0x00000000d5580000,0x00000000e7880000)
  from space 31744K, 50% used [0x00000000e7880000,0x00000000e88218c8,0x00000000e9780000)
  to   space 31232K, 0% used [0x00000000ed780000,0x00000000ed780000,0x00000000ef600000)
 ParOldGen       total 84992K, used 67928K [0x0000000080000000, 0x0000000085300000, 0x00000000d5580000)
  object space 84992K, 79% used [0x0000000080000000,0x0000000084256088,0x0000000085300000)
 Metaspace       used 70552K, capacity 73832K, committed 74024K, reserved 1114112K
  class space    used 9382K, capacity 10020K, committed 10032K, reserved 1048576K
}
Event: 62.333 GC heap before
{Heap before GC invocations=19 (full 4):
 PSYoungGen      total 329728K, used 16006K [0x00000000d5580000, 0x00000000ef600000, 0x0000000100000000)
  eden space 297984K, 0% used [0x00000000d5580000,0x00000000d5580000,0x00000000e7880000)
  from space 31744K, 50% used [0x00000000e7880000,0x00000000e88218c8,0x00000000e9780000)
  to   space 31232K, 0% used [0x00000000ed780000,0x00000000ed780000,0x00000000ef600000)
 ParOldGen       total 84992K, used 67928K [0x0000000080000000, 0x0000000085300000, 0x00000000d5580000)
  object space 84992K, 79% used [0x0000000080000000,0x0000000084256088,0x0000000085300000)
 Metaspace       used 70552K, capacity 73832K, committed 74024K, reserved 1114112K
  class space    used 9382K, capacity 10020K, committed 10032K, reserved 1048576K
Event: 62.618 GC heap after
Heap after GC invocations=19 (full 4):
 PSYoungGen      total 329728K, used 0K [0x00000000d5580000, 0x00000000ef600000, 0x0000000100000000)
  eden space 297984K, 0% used [0x00000000d5580000,0x00000000d5580000,0x00000000e7880000)
  from space 31744K, 0% used [0x00000000e7880000,0x00000000e7880000,0x00000000e9780000)
  to   space 31232K, 0% used [0x00000000ed780000,0x00000000ed780000,0x00000000ef600000)
 ParOldGen       total 126976K, used 54588K [0x0000000080000000, 0x0000000087c00000, 0x00000000d5580000)
  object space 126976K, 42% used [0x0000000080000000,0x000000008354f010,0x0000000087c00000)
 Metaspace       used 70524K, capacity 73750K, committed 74024K, reserved 1114112K
  class space    used 9373K, capacity 10005K, committed 10032K, reserved 1048576K
}
Event: 83.371 GC heap before
{Heap before GC invocations=20 (full 4):
 PSYoungGen      total 329728K, used 297984K [0x00000000d5580000, 0x00000000ef600000, 0x0000000100000000)
  eden space 297984K, 100% used [0x00000000d5580000,0x00000000e7880000,0x00000000e7880000)
  from space 31744K, 0% used [0x00000000e7880000,0x00000000e7880000,0x00000000e9780000)
  to   space 31232K, 0% used [0x00000000ed780000,0x00000000ed780000,0x00000000ef600000)
 ParOldGen       total 126976K, used 54588K [0x0000000080000000, 0x0000000087c00000, 0x00000000d5580000)
  object space 126976K, 42% used [0x0000000080000000,0x000000008354f010,0x0000000087c00000)
 Metaspace       used 71562K, capacity 74952K, committed 75176K, reserved 1114112K
  class space    used 9442K, capacity 10116K, committed 10160K, reserved 1048576K
Event: 83.424 GC heap after
Heap after GC invocations=20 (full 4):
 PSYoungGen      total 389632K, used 31205K [0x00000000d5580000, 0x00000000f0380000, 0x0000000100000000)
  eden space 358400K, 0% used [0x00000000d5580000,0x00000000d5580000,0x00000000eb380000)
  from space 31232K, 99% used [0x00000000ed780000,0x00000000ef5f96c8,0x00000000ef600000)
  to   space 36864K, 0% used [0x00000000eb380000,0x00000000eb380000,0x00000000ed780000)
 ParOldGen       total 126976K, used 55309K [0x0000000080000000, 0x0000000087c00000, 0x00000000d5580000)
  object space 126976K, 43% used [0x0000000080000000,0x00000000836036c0,0x0000000087c00000)
 Metaspace       used 71562K, capacity 74952K, committed 75176K, reserved 1114112K
  class space    used 9442K, capacity 10116K, committed 10160K, reserved 1048576K
}
Event: 97.622 GC heap before
{Heap before GC invocations=21 (full 4):
 PSYoungGen      total 389632K, used 389605K [0x00000000d5580000, 0x00000000f0380000, 0x0000000100000000)
  eden space 358400K, 100% used [0x00000000d5580000,0x00000000eb380000,0x00000000eb380000)
  from space 31232K, 99% used [0x00000000ed780000,0x00000000ef5f96c8,0x00000000ef600000)
  to   space 36864K, 0% used [0x00000000eb380000,0x00000000eb380000,0x00000000ed780000)
 ParOldGen       total 126976K, used 55309K [0x0000000080000000, 0x0000000087c00000, 0x00000000d5580000)
  object space 126976K, 43% used [0x0000000080000000,0x00000000836036c0,0x0000000087c00000)
 Metaspace       used 91697K, capacity 96536K, committed 96808K, reserved 1132544K
  class space    used 12070K, capacity 13027K, committed 13104K, reserved 1048576K
Event: 97.723 GC heap after
Heap after GC invocations=21 (full 4):
 PSYoungGen      total 395264K, used 29506K [0x00000000d5580000, 0x00000000f3200000, 0x0000000100000000)
  eden space 358400K, 0% used [0x00000000d5580000,0x00000000d5580000,0x00000000eb380000)
  from space 36864K, 80% used [0x00000000eb380000,0x00000000ed050bc8,0x00000000ed780000)
  to   space 40448K, 0% used [0x00000000f0a80000,0x00000000f0a80000,0x00000000f3200000)
 ParOldGen       total 126976K, used 86028K [0x0000000080000000, 0x0000000087c00000, 0x00000000d5580000)
  object space 126976K, 67% used [0x0000000080000000,0x00000000854032d0,0x0000000087c00000)
 Metaspace       used 91697K, capacity 96536K, committed 96808K, reserved 1132544K
  class space    used 12070K, capacity 13027K, committed 13104K, reserved 1048576K
}

